<?xml version="1.0" encoding="UTF-8"?>
<!-- Generated by org.testng.reporters.JUnitXMLReporter -->
<testsuite hostname="RUKKUSADHU-PC" ignored="1" name="Default test" tests="2" failures="0" timestamp="29 May 2019 10:46:32 GMT" time="0.066" errors="0">
  <testcase name="createUser" time="0.026" classname="testNGPackage.Demo"/>
  <testcase name="deleteUser" time="0.002" classname="testNGPackage.Demo"/>
  <testcase name="eidituser" time="0.0" classname="testNGPackage.Demo">
    <ignored/>
  </testcase> <!-- eidituser -->
</testsuite> <!-- Default test -->
