<?xml version="1.0" encoding="UTF-8"?>
<testng-results skipped="0" failed="0" ignored="1" total="3" passed="2">
  <reporter-output>
    <line>
      <![CDATA[createuser]]>
    </line>
    <line>
      <![CDATA[deleteuser]]>
    </line>
  </reporter-output>
  <suite name="Default suite" duration-ms="66" started-at="2019-05-29T10:46:32Z" finished-at="2019-05-29T10:46:32Z">
    <groups>
    </groups>
    <test name="Default test" duration-ms="66" started-at="2019-05-29T10:46:32Z" finished-at="2019-05-29T10:46:32Z">
      <class name="testNGPackage.Demo">
        <test-method status="PASS" signature="createUser()[pri:1, instance:testNGPackage.Demo@62ee68d8]" name="createUser" duration-ms="26" started-at="2019-05-29T16:16:32Z" finished-at="2019-05-29T16:16:32Z">
          <reporter-output>
            <line>
              <![CDATA[createuser]]>
            </line>
          </reporter-output>
        </test-method> <!-- createUser -->
        <test-method status="PASS" signature="deleteUser()[pri:3, instance:testNGPackage.Demo@62ee68d8]" name="deleteUser" duration-ms="2" started-at="2019-05-29T16:16:32Z" finished-at="2019-05-29T16:16:32Z">
          <reporter-output>
            <line>
              <![CDATA[deleteuser]]>
            </line>
          </reporter-output>
        </test-method> <!-- deleteUser -->
      </class> <!-- testNGPackage.Demo -->
    </test> <!-- Default test -->
  </suite> <!-- Default suite -->
</testng-results>
